#
# A fatal error has been detected by the Java Runtime Environment:
#
#  EXCEPTION_ACCESS_VIOLATION (0xc0000005) at pc=0x00007ffdebec8ca6, pid=11132, tid=7696
#
# JRE version: Java(TM) SE Runtime Environment (12.0.1+12) (build 12.0.1+12)
# Java VM: Java HotSpot(TM) 64-Bit Server VM (12.0.1+12, mixed mode, sharing, tiered, compressed oops, g1 gc, windows-amd64)
# Problematic frame:
# V  [jvm.dll+0x628ca6]
#
# No core dump will be written. Minidumps are not enabled by default on client versions of Windows
#
# If you would like to submit a bug report, please visit:
#   http://bugreport.java.com/bugreport/crash.jsp
#

---------------  S U M M A R Y ------------

Command Line: -Dcom.sun.management.jmxremote -Dcom.sun.management.jmxremote.port=52255 -Dcom.sun.management.jmxremote.authenticate=false -Dcom.sun.management.jmxremote.ssl=false -Djava.rmi.server.hostname=localhost -Dspring.jmx.enabled=true -Dspring.application.admin.enabled=true -Xverify:none -XX:TieredStopAtLevel=1 -Dspring.boot.project.name=spring-boot-ionic-backend -Dfile.encoding=UTF-8 com.polizello.server.CursomcApplication --spring.output.ansi.enabled=always

Host: Intel(R) Core(TM) i3-4150 CPU @ 3.50GHz, 4 cores, 7G,  Windows 10 , 64 bit Build 18362 (10.0.18362.329)
Time: Tue Nov 12 20:56:24 2019 Hora oficial do Brasil elapsed time: 1 seconds (0d 0h 0m 1s)

---------------  T H R E A D  ---------------

Current thread (0x000001c06a26d000):  GCTaskThread "GC Thread#2" [stack: 0x0000001a43e00000,0x0000001a43f00000] [id=7696]

Stack: [0x0000001a43e00000,0x0000001a43f00000],  sp=0x0000001a43efdd60,  free space=1015k
Native frames: (J=compiled Java code, j=interpreted, Vv=VM code, C=native code)
V  [jvm.dll+0x628ca6]
V  [jvm.dll+0x5ef769]
V  [jvm.dll+0x2e5ee5]
V  [jvm.dll+0x2e5969]
V  [jvm.dll+0x74d407]
V  [jvm.dll+0x74d860]
V  [jvm.dll+0x332ee8]
V  [jvm.dll+0x332a38]
V  [jvm.dll+0x2fc8d0]
V  [jvm.dll+0x7bb2b0]
V  [jvm.dll+0x748648]
V  [jvm.dll+0x638566]
C  [ucrtbase.dll+0x20e72]
C  [KERNEL32.DLL+0x17bd4]
C  [ntdll.dll+0x6ced1]

JavaThread 0x000001c06a59f000 (nid = 13660) was being processed
Java frames: (J=compiled Java code, j=interpreted, Vv=VM code)
j  java.net.PlainSocketImpl.accept0(I[Ljava/net/InetSocketAddress;)I+0 java.base@12.0.1
j  java.net.PlainSocketImpl.socketAccept(Ljava/net/SocketImpl;)V+37 java.base@12.0.1
j  java.net.AbstractPlainSocketImpl.accept(Ljava/net/SocketImpl;)V+7 java.base@12.0.1
j  java.net.ServerSocket.implAccept(Ljava/net/Socket;)V+60 java.base@12.0.1
j  java.net.ServerSocket.accept()Ljava/net/Socket;+48 java.base@12.0.1
j  sun.rmi.transport.tcp.TCPTransport$AcceptLoop.executeAcceptLoop()V+42 java.rmi@12.0.1
j  sun.rmi.transport.tcp.TCPTransport$AcceptLoop.run()V+1 java.rmi@12.0.1
j  java.lang.Thread.run()V+11 java.base@12.0.1
v  ~StubRoutines::call_stub

siginfo: EXCEPTION_ACCESS_VIOLATION (0xc0000005), reading address 0x000001c0000000e7


Register to memory mapping:

RIP=0x00007ffdebec8ca6 jvm.dll
RAX=0x000001c00000000f is an unknown value
RBX=0x000000000000011b is an unknown value
RCX=0x000000000000001b is an unknown value
RDX=0x0000001a43efddf0 points into unknown readable memory: e8 cf 15 69 c0 01 00 00
RSP=0x0000001a43efdd60 points into unknown readable memory: 05 09 00 00 00 00 00 00
RBP=0x0000000000000007 is an unknown value
RSI={method} {0x000001c06915cff0} 'accept' '(Ljava/net/SocketImpl;)V' in 'java/net/AbstractPlainSocketImpl'
RDI=0x000000000000011b is an unknown value
R8 =0x0000000000000007 is an unknown value
R9 =0x0000001a43efdf08 points into unknown readable memory: 00 00 00 00 00 00 00 00
R10=0x000001c06915cf60 is pointing into metadata
R11=0x0000001a43efdf88 points into unknown readable memory: 69 59 b8 eb fd 7f 00 00
R12=0x0000001a43efdf08 points into unknown readable memory: 00 00 00 00 00 00 00 00
R13=0x00000000000003d8 is an unknown value
R14=0x000001c06a553bc0 points into unknown readable memory: 0f 00 00 00 c0 01 00 00
R15=0x0000001a43efddf0 points into unknown readable memory: e8 cf 15 69 c0 01 00 00


Registers:
RAX=0x000001c00000000f, RBX=0x000000000000011b, RCX=0x000000000000001b, RDX=0x0000001a43efddf0
RSP=0x0000001a43efdd60, RBP=0x0000000000000007, RSI=0x000001c06915cfe8, RDI=0x000000000000011b
R8 =0x0000000000000007, R9 =0x0000001a43efdf08, R10=0x000001c06915cf60, R11=0x0000001a43efdf88
R12=0x0000001a43efdf08, R13=0x00000000000003d8, R14=0x000001c06a553bc0, R15=0x0000001a43efddf0
RIP=0x00007ffdebec8ca6, EFLAGS=0x0000000000010206

Top of Stack: (sp=0x0000001a43efdd60)
0x0000001a43efdd60:   0000000000000905 0000000000000006
0x0000001a43efdd70:   0000001a43efdee8 0000001a43efdf08
0x0000001a43efdd80:   0000000000000025 0000001a441feae8
0x0000001a43efdd90:   000001c06a9c1f98 000001c06a9c1f18
0x0000001a43efdda0:   0000000000000007 0000000000000007
0x0000001a43efddb0:   000001c06915cfe8 0000001a43efdf10
0x0000001a43efddc0:   0000001a43efdf08 00007ffdebe8f769
0x0000001a43efddd0:   0000001a43efdf08 0000001a43efdf10
0x0000001a43efdde0:   000001c06915cfe8 0000001a43efdf08
0x0000001a43efddf0:   000001c06915cfe8 000001c06a26d000
0x0000001a43efde00:   000001c06a9c1f98 00007ffdebb85ee5
0x0000001a43efde10:   0000001a43efe0d0 0000001a43efe0a0
0x0000001a43efde20:   0000001a43efdf10 000001c06a9c1f98
0x0000001a43efde30:   0000000000000001 000001c06915cfe8
0x0000001a43efde40:   000001c06a26d000 0000000000000003
0x0000001a43efde50:   000001c06a26d000 000001c0698f00a0 

Instructions: (pc=0x00007ffdebec8ca6)
0x00007ffdebec8c86:   24 70 48 89 77 10 8b fb 66 90 8b c7 25 1f 00 00
0x00007ffdebec8c96:   80 7d 07 ff c8 83 c8 e0 ff c0 48 63 c8 49 8b 06
0x00007ffdebec8ca6:   48 8b 14 c8 48 85 d2 74 15 48 8b 02 48 85 c0 74
0x00007ffdebec8cb6:   0d 49 3b 07 75 08 0f b7 42 08 3b c5 74 79 ff c7 


Stack slot to memory mapping:
stack at sp + 0 slots: 0x0000000000000905 is an unknown value
stack at sp + 1 slots: 0x0000000000000006 is an unknown value
stack at sp + 2 slots: 0x0000001a43efdee8 points into unknown readable memory: 90 27 13 ec fd 7f 00 00
stack at sp + 3 slots: 0x0000001a43efdf08 points into unknown readable memory: 00 00 00 00 00 00 00 00
stack at sp + 4 slots: 0x0000000000000025 is an unknown value
stack at sp + 5 slots: 0x0000001a441feae8 is pointing into the stack for thread: 0x000001c06a59f000
stack at sp + 6 slots: 0x000001c06a9c1f98 points into unknown readable memory: 20 b7 13 ec fd 7f 00 00
stack at sp + 7 slots: 0x000001c06a9c1f18 points into unknown readable memory: 30 b7 13 ec fd 7f 00 00


---------------  P R O C E S S  ---------------

Threads class SMR info:
_java_thread_list=0x000001c06a675f80, length=18, elements={
0x000001c0489b2800, 0x000001c068e1a000, 0x000001c068e1b000, 0x000001c068e2e000,
0x000001c069748000, 0x000001c069752000, 0x000001c069759800, 0x000001c068dff800,
0x000001c069924000, 0x000001c06a59b800, 0x000001c06a59c000, 0x000001c06a59f000,
0x000001c06a27c000, 0x000001c06a636800, 0x000001c06a656000, 0x000001c06a647800,
0x000001c06a675000, 0x000001c06a68b800
}

Java Threads: ( => current thread )
  0x000001c0489b2800 JavaThread "main" [_thread_blocked, id=15792, stack(0x0000001a42e00000,0x0000001a42f00000)]
  0x000001c068e1a000 JavaThread "Reference Handler" daemon [_thread_blocked, id=13796, stack(0x0000001a43500000,0x0000001a43600000)]
  0x000001c068e1b000 JavaThread "Finalizer" daemon [_thread_blocked, id=13588, stack(0x0000001a43600000,0x0000001a43700000)]
  0x000001c068e2e000 JavaThread "Signal Dispatcher" daemon [_thread_blocked, id=15400, stack(0x0000001a43700000,0x0000001a43800000)]
  0x000001c069748000 JavaThread "Attach Listener" daemon [_thread_blocked, id=16024, stack(0x0000001a43800000,0x0000001a43900000)]
  0x000001c069752000 JavaThread "C1 CompilerThread0" daemon [_thread_blocked, id=15852, stack(0x0000001a43900000,0x0000001a43a00000)]
  0x000001c069759800 JavaThread "Sweeper thread" daemon [_thread_blocked, id=16272, stack(0x0000001a43a00000,0x0000001a43b00000)]
  0x000001c068dff800 JavaThread "Common-Cleaner" daemon [_thread_blocked, id=15556, stack(0x0000001a43b00000,0x0000001a43c00000)]
  0x000001c069924000 JavaThread "Service Thread" daemon [_thread_blocked, id=16016, stack(0x0000001a43c00000,0x0000001a43d00000)]
  0x000001c06a59b800 JavaThread "RMI TCP Accept-0" daemon [_thread_in_native, id=5084, stack(0x0000001a43f00000,0x0000001a44000000)]
  0x000001c06a59c000 JavaThread "RMI TCP Accept-0" daemon [_thread_in_native, id=1388, stack(0x0000001a44000000,0x0000001a44100000)]
  0x000001c06a59f000 JavaThread "RMI TCP Accept-52255" daemon [_thread_in_native, id=13660, stack(0x0000001a44100000,0x0000001a44200000)]
  0x000001c06a27c000 JavaThread "RMI TCP Connection(1)-127.0.0.1" daemon [_thread_in_native, id=16356, stack(0x0000001a44200000,0x0000001a44300000)]
  0x000001c06a636800 JavaThread "RMI Scheduler(0)" daemon [_thread_blocked, id=3868, stack(0x0000001a44400000,0x0000001a44500000)]
  0x000001c06a656000 JavaThread "JMX server connection timeout 18" daemon [_thread_blocked, id=15684, stack(0x0000001a44500000,0x0000001a44600000)]
  0x000001c06a647800 JavaThread "RMI TCP Connection(2)-127.0.0.1" daemon [_thread_in_native, id=12572, stack(0x0000001a44600000,0x0000001a44700000)]
  0x000001c06a675000 JavaThread "RMI TCP Connection(3)-127.0.0.1" daemon [_thread_in_native, id=13172, stack(0x0000001a44700000,0x0000001a44800000)]
  0x000001c06a68b800 JavaThread "JMX server connection timeout 21" daemon [_thread_blocked, id=10308, stack(0x0000001a44800000,0x0000001a44900000)]

Other Threads:
  0x000001c068e18800 VMThread "VM Thread" [stack: 0x0000001a43400000,0x0000001a43500000] [id=11664]
  0x000001c06a5fd000 WatcherThread [stack: 0x0000001a44300000,0x0000001a44400000] [id=8572]
  0x000001c0489f0800 GCTaskThread "GC Thread#0" [stack: 0x0000001a42f00000,0x0000001a43000000] [id=2044]
  0x000001c06a270000 GCTaskThread "GC Thread#1" [stack: 0x0000001a43d00000,0x0000001a43e00000] [id=12964]
=>0x000001c06a26d000 GCTaskThread "GC Thread#2" [stack: 0x0000001a43e00000,0x0000001a43f00000] [id=7696]
  0x000001c048a3f800 ConcurrentGCThread "G1 Main Marker" [stack: 0x0000001a43000000,0x0000001a43100000] [id=16044]
  0x000001c048a43000 ConcurrentGCThread "G1 Conc#0" [stack: 0x0000001a43100000,0x0000001a43200000] [id=14100]
  0x000001c068c97800 ConcurrentGCThread "G1 Refine#0" [stack: 0x0000001a43200000,0x0000001a43300000] [id=4436]
  0x000001c068c9a800 ConcurrentGCThread "G1 Young RemSet Sampling" [stack: 0x0000001a43300000,0x0000001a43400000] [id=11520]

Threads with active compile tasks:

VM state:at safepoint (normal execution)

VM Mutex/Monitor currently owned by a thread:  ([mutex/lock_event])
[0x000001c0489aea60] Threads_lock - owner thread: 0x000001c068e18800
[0x000001c0489aedc0] Heap_lock - owner thread: 0x000001c0489b2800

Heap address: 0x0000000080c00000, size: 2036 MB, Compressed Oops mode: 32-bit
Narrow klass base: 0x0000000800000000, Narrow klass shift: 3
Compressed class space size: 1073741824 Address: 0x00000008011a0000

Heap:
 garbage-first heap   total 131072K, used 34397K [0x0000000080c00000, 0x0000000100000000)
  region size 1024K, 18 young (18432K), 1 survivors (1024K)
 Metaspace       used 7052K, capacity 7528K, committed 7808K, reserved 1056768K
  class space    used 886K, capacity 1030K, committed 1152K, reserved 1048576K
Heap Regions: E=young(eden), S=young(survivor), O=old, HS=humongous(starts), HC=humongous(continues), CS=collection set, F=free, A=archive, TAMS=top-at-mark-start (previous, next)
|   0|0x0000000080c00000, 0x0000000080d00000, 0x0000000080d00000|100%|HS|  |TAMS 0x0000000080c00000, 0x0000000080c00000| Complete 
|   1|0x0000000080d00000, 0x0000000080e00000, 0x0000000080e00000|100%| O|  |TAMS 0x0000000080d00000, 0x0000000080d00000| Untracked 
|   2|0x0000000080e00000, 0x0000000080f00000, 0x0000000080f00000|100%| O|  |TAMS 0x0000000080e00000, 0x0000000080e00000| Untracked 
|   3|0x0000000080f00000, 0x0000000081000000, 0x0000000081000000|100%| O|  |TAMS 0x0000000080f00000, 0x0000000080f00000| Untracked 
|   4|0x0000000081000000, 0x0000000081100000, 0x0000000081100000|100%| O|  |TAMS 0x0000000081000000, 0x0000000081000000| Untracked 
|   5|0x0000000081100000, 0x0000000081200000, 0x0000000081200000|100%| O|  |TAMS 0x0000000081100000, 0x0000000081100000| Untracked 
|   6|0x0000000081200000, 0x0000000081300000, 0x0000000081300000|100%| O|  |TAMS 0x0000000081200000, 0x0000000081200000| Untracked 
|   7|0x0000000081300000, 0x0000000081400000, 0x0000000081400000|100%| O|  |TAMS 0x0000000081300000, 0x0000000081300000| Untracked 
|   8|0x0000000081400000, 0x0000000081500000, 0x0000000081500000|100%| O|  |TAMS 0x0000000081400000, 0x0000000081400000| Untracked 
|   9|0x0000000081500000, 0x0000000081600000, 0x0000000081600000|100%| O|  |TAMS 0x0000000081500000, 0x0000000081500000| Untracked 
|  10|0x0000000081600000, 0x0000000081700000, 0x0000000081700000|100%| O|  |TAMS 0x0000000081600000, 0x0000000081600000| Untracked 
|  11|0x0000000081700000, 0x0000000081800000, 0x0000000081800000|100%| O|  |TAMS 0x0000000081700000, 0x0000000081700000| Untracked 
|  12|0x0000000081800000, 0x0000000081900000, 0x0000000081900000|100%| O|  |TAMS 0x0000000081800000, 0x0000000081800000| Untracked 
|  13|0x0000000081900000, 0x0000000081a00000, 0x0000000081a00000|100%| O|  |TAMS 0x0000000081900000, 0x0000000081900000| Untracked 
|  14|0x0000000081a00000, 0x0000000081ae7440, 0x0000000081b00000| 90%| O|  |TAMS 0x0000000081a00000, 0x0000000081a00000| Untracked 
|  15|0x0000000081b00000, 0x0000000081b00000, 0x0000000081c00000|  0%| F|  |TAMS 0x0000000081b00000, 0x0000000081b00000| Untracked 
|  16|0x0000000081c00000, 0x0000000081c00000, 0x0000000081d00000|  0%| F|  |TAMS 0x0000000081c00000, 0x0000000081c00000| Untracked 
|  17|0x0000000081d00000, 0x0000000081d00000, 0x0000000081e00000|  0%| F|  |TAMS 0x0000000081d00000, 0x0000000081d00000| Untracked 
|  18|0x0000000081e00000, 0x0000000081e00000, 0x0000000081f00000|  0%| F|  |TAMS 0x0000000081e00000, 0x0000000081e00000| Untracked 
|  19|0x0000000081f00000, 0x0000000081f00000, 0x0000000082000000|  0%| F|  |TAMS 0x0000000081f00000, 0x0000000081f00000| Untracked 
|  20|0x0000000082000000, 0x0000000082000000, 0x0000000082100000|  0%| F|  |TAMS 0x0000000082000000, 0x0000000082000000| Untracked 
|  21|0x0000000082100000, 0x0000000082100000, 0x0000000082200000|  0%| F|  |TAMS 0x0000000082100000, 0x0000000082100000| Untracked 
|  22|0x0000000082200000, 0x0000000082200000, 0x0000000082300000|  0%| F|  |TAMS 0x0000000082200000, 0x0000000082200000| Untracked 
|  23|0x0000000082300000, 0x0000000082300000, 0x0000000082400000|  0%| F|  |TAMS 0x0000000082300000, 0x0000000082300000| Untracked 
|  24|0x0000000082400000, 0x0000000082400000, 0x0000000082500000|  0%| F|  |TAMS 0x0000000082400000, 0x0000000082400000| Untracked 
|  25|0x0000000082500000, 0x0000000082500000, 0x0000000082600000|  0%| F|  |TAMS 0x0000000082500000, 0x0000000082500000| Untracked 
|  26|0x0000000082600000, 0x0000000082600000, 0x0000000082700000|  0%| F|  |TAMS 0x0000000082600000, 0x0000000082600000| Untracked 
|  27|0x0000000082700000, 0x0000000082700000, 0x0000000082800000|  0%| F|  |TAMS 0x0000000082700000, 0x0000000082700000| Untracked 
|  28|0x0000000082800000, 0x0000000082800000, 0x0000000082900000|  0%| F|  |TAMS 0x0000000082800000, 0x0000000082800000| Untracked 
|  29|0x0000000082900000, 0x0000000082900000, 0x0000000082a00000|  0%| F|  |TAMS 0x0000000082900000, 0x0000000082900000| Untracked 
|  30|0x0000000082a00000, 0x0000000082a00000, 0x0000000082b00000|  0%| F|  |TAMS 0x0000000082a00000, 0x0000000082a00000| Untracked 
|  31|0x0000000082b00000, 0x0000000082b00000, 0x0000000082c00000|  0%| F|  |TAMS 0x0000000082b00000, 0x0000000082b00000| Untracked 
|  32|0x0000000082c00000, 0x0000000082c00000, 0x0000000082d00000|  0%| F|  |TAMS 0x0000000082c00000, 0x0000000082c00000| Untracked 
|  33|0x0000000082d00000, 0x0000000082d00000, 0x0000000082e00000|  0%| F|  |TAMS 0x0000000082d00000, 0x0000000082d00000| Untracked 
|  34|0x0000000082e00000, 0x0000000082e00000, 0x0000000082f00000|  0%| F|  |TAMS 0x0000000082e00000, 0x0000000082e00000| Untracked 
|  35|0x0000000082f00000, 0x0000000082f00000, 0x0000000083000000|  0%| F|  |TAMS 0x0000000082f00000, 0x0000000082f00000| Untracked 
|  36|0x0000000083000000, 0x0000000083000000, 0x0000000083100000|  0%| F|  |TAMS 0x0000000083000000, 0x0000000083000000| Untracked 
|  37|0x0000000083100000, 0x0000000083100000, 0x0000000083200000|  0%| F|  |TAMS 0x0000000083100000, 0x0000000083100000| Untracked 
|  38|0x0000000083200000, 0x0000000083200000, 0x0000000083300000|  0%| F|  |TAMS 0x0000000083200000, 0x0000000083200000| Untracked 
|  39|0x0000000083300000, 0x0000000083300000, 0x0000000083400000|  0%| F|  |TAMS 0x0000000083300000, 0x0000000083300000| Untracked 
|  40|0x0000000083400000, 0x0000000083400000, 0x0000000083500000|  0%| F|  |TAMS 0x0000000083400000, 0x0000000083400000| Untracked 
|  41|0x0000000083500000, 0x0000000083500000, 0x0000000083600000|  0%| F|  |TAMS 0x0000000083500000, 0x0000000083500000| Untracked 
|  42|0x0000000083600000, 0x0000000083600000, 0x0000000083700000|  0%| F|  |TAMS 0x0000000083600000, 0x0000000083600000| Untracked 
|  43|0x0000000083700000, 0x0000000083700000, 0x0000000083800000|  0%| F|  |TAMS 0x0000000083700000, 0x0000000083700000| Untracked 
|  44|0x0000000083800000, 0x0000000083800000, 0x0000000083900000|  0%| F|  |TAMS 0x0000000083800000, 0x0000000083800000| Untracked 
|  45|0x0000000083900000, 0x0000000083900000, 0x0000000083a00000|  0%| F|  |TAMS 0x0000000083900000, 0x0000000083900000| Untracked 
|  46|0x0000000083a00000, 0x0000000083a00000, 0x0000000083b00000|  0%| F|  |TAMS 0x0000000083a00000, 0x0000000083a00000| Untracked 
|  47|0x0000000083b00000, 0x0000000083b00000, 0x0000000083c00000|  0%| F|  |TAMS 0x0000000083b00000, 0x0000000083b00000| Untracked 
|  48|0x0000000083c00000, 0x0000000083c00000, 0x0000000083d00000|  0%| F|  |TAMS 0x0000000083c00000, 0x0000000083c00000| Untracked 
|  49|0x0000000083d00000, 0x0000000083d00000, 0x0000000083e00000|  0%| F|  |TAMS 0x0000000083d00000, 0x0000000083d00000| Untracked 
|  50|0x0000000083e00000, 0x0000000083e00000, 0x0000000083f00000|  0%| F|  |TAMS 0x0000000083e00000, 0x0000000083e00000| Untracked 
|  51|0x0000000083f00000, 0x0000000083f00000, 0x0000000084000000|  0%| F|  |TAMS 0x0000000083f00000, 0x0000000083f00000| Untracked 
|  52|0x0000000084000000, 0x0000000084000000, 0x0000000084100000|  0%| F|  |TAMS 0x0000000084000000, 0x0000000084000000| Untracked 
|  53|0x0000000084100000, 0x0000000084100000, 0x0000000084200000|  0%| F|  |TAMS 0x0000000084100000, 0x0000000084100000| Untracked 
|  54|0x0000000084200000, 0x0000000084200000, 0x0000000084300000|  0%| F|  |TAMS 0x0000000084200000, 0x0000000084200000| Untracked 
|  55|0x0000000084300000, 0x0000000084300000, 0x0000000084400000|  0%| F|  |TAMS 0x0000000084300000, 0x0000000084300000| Untracked 
|  56|0x0000000084400000, 0x0000000084400000, 0x0000000084500000|  0%| F|  |TAMS 0x0000000084400000, 0x0000000084400000| Untracked 
|  57|0x0000000084500000, 0x0000000084500000, 0x0000000084600000|  0%| F|  |TAMS 0x0000000084500000, 0x0000000084500000| Untracked 
|  58|0x0000000084600000, 0x0000000084600000, 0x0000000084700000|  0%| F|  |TAMS 0x0000000084600000, 0x0000000084600000| Untracked 
|  59|0x0000000084700000, 0x0000000084700000, 0x0000000084800000|  0%| F|  |TAMS 0x0000000084700000, 0x0000000084700000| Untracked 
|  60|0x0000000084800000, 0x0000000084800000, 0x0000000084900000|  0%| F|  |TAMS 0x0000000084800000, 0x0000000084800000| Untracked 
|  61|0x0000000084900000, 0x0000000084900000, 0x0000000084a00000|  0%| F|  |TAMS 0x0000000084900000, 0x0000000084900000| Untracked 
|  62|0x0000000084a00000, 0x0000000084a00000, 0x0000000084b00000|  0%| F|  |TAMS 0x0000000084a00000, 0x0000000084a00000| Untracked 
|  63|0x0000000084b00000, 0x0000000084b00000, 0x0000000084c00000|  0%| F|  |TAMS 0x0000000084b00000, 0x0000000084b00000| Untracked 
|  64|0x0000000084c00000, 0x0000000084c00000, 0x0000000084d00000|  0%| F|  |TAMS 0x0000000084c00000, 0x0000000084c00000| Untracked 
|  65|0x0000000084d00000, 0x0000000084d00000, 0x0000000084e00000|  0%| F|  |TAMS 0x0000000084d00000, 0x0000000084d00000| Untracked 
|  66|0x0000000084e00000, 0x0000000084e00000, 0x0000000084f00000|  0%| F|  |TAMS 0x0000000084e00000, 0x0000000084e00000| Untracked 
|  67|0x0000000084f00000, 0x0000000084f00000, 0x0000000085000000|  0%| F|  |TAMS 0x0000000084f00000, 0x0000000084f00000| Untracked 
|  68|0x0000000085000000, 0x0000000085000000, 0x0000000085100000|  0%| F|  |TAMS 0x0000000085000000, 0x0000000085000000| Untracked 
|  69|0x0000000085100000, 0x0000000085100000, 0x0000000085200000|  0%| F|  |TAMS 0x0000000085100000, 0x0000000085100000| Untracked 
|  70|0x0000000085200000, 0x0000000085200000, 0x0000000085300000|  0%| F|  |TAMS 0x0000000085200000, 0x0000000085200000| Untracked 
|  71|0x0000000085300000, 0x0000000085300000, 0x0000000085400000|  0%| F|  |TAMS 0x0000000085300000, 0x0000000085300000| Untracked 
|  72|0x0000000085400000, 0x0000000085400000, 0x0000000085500000|  0%| F|  |TAMS 0x0000000085400000, 0x0000000085400000| Untracked 
|  73|0x0000000085500000, 0x0000000085500000, 0x0000000085600000|  0%| F|  |TAMS 0x0000000085500000, 0x0000000085500000| Untracked 
|  74|0x0000000085600000, 0x0000000085600000, 0x0000000085700000|  0%| F|  |TAMS 0x0000000085600000, 0x0000000085600000| Untracked 
|  75|0x0000000085700000, 0x0000000085700000, 0x0000000085800000|  0%| F|  |TAMS 0x0000000085700000, 0x0000000085700000| Untracked 
|  76|0x0000000085800000, 0x0000000085800000, 0x0000000085900000|  0%| F|  |TAMS 0x0000000085800000, 0x0000000085800000| Untracked 
|  77|0x0000000085900000, 0x0000000085900000, 0x0000000085a00000|  0%| F|  |TAMS 0x0000000085900000, 0x0000000085900000| Untracked 
|  78|0x0000000085a00000, 0x0000000085a00000, 0x0000000085b00000|  0%| F|  |TAMS 0x0000000085a00000, 0x0000000085a00000| Untracked 
|  79|0x0000000085b00000, 0x0000000085b00000, 0x0000000085c00000|  0%| F|  |TAMS 0x0000000085b00000, 0x0000000085b00000| Untracked 
|  80|0x0000000085c00000, 0x0000000085c00000, 0x0000000085d00000|  0%| F|  |TAMS 0x0000000085c00000, 0x0000000085c00000| Untracked 
|  81|0x0000000085d00000, 0x0000000085d00000, 0x0000000085e00000|  0%| F|  |TAMS 0x0000000085d00000, 0x0000000085d00000| Untracked 
|  82|0x0000000085e00000, 0x0000000085e00000, 0x0000000085f00000|  0%| F|  |TAMS 0x0000000085e00000, 0x0000000085e00000| Untracked 
|  83|0x0000000085f00000, 0x0000000085f00000, 0x0000000086000000|  0%| F|  |TAMS 0x0000000085f00000, 0x0000000085f00000| Untracked 
|  84|0x0000000086000000, 0x0000000086000000, 0x0000000086100000|  0%| F|  |TAMS 0x0000000086000000, 0x0000000086000000| Untracked 
|  85|0x0000000086100000, 0x0000000086100000, 0x0000000086200000|  0%| F|  |TAMS 0x0000000086100000, 0x0000000086100000| Untracked 
|  86|0x0000000086200000, 0x0000000086200000, 0x0000000086300000|  0%| F|  |TAMS 0x0000000086200000, 0x0000000086200000| Untracked 
|  87|0x0000000086300000, 0x0000000086300000, 0x0000000086400000|  0%| F|  |TAMS 0x0000000086300000, 0x0000000086300000| Untracked 
|  88|0x0000000086400000, 0x0000000086400000, 0x0000000086500000|  0%| F|  |TAMS 0x0000000086400000, 0x0000000086400000| Untracked 
|  89|0x0000000086500000, 0x0000000086500000, 0x0000000086600000|  0%| F|  |TAMS 0x0000000086500000, 0x0000000086500000| Untracked 
|  90|0x0000000086600000, 0x0000000086600000, 0x0000000086700000|  0%| F|  |TAMS 0x0000000086600000, 0x0000000086600000| Untracked 
|  91|0x0000000086700000, 0x0000000086700000, 0x0000000086800000|  0%| F|  |TAMS 0x0000000086700000, 0x0000000086700000| Untracked 
|  92|0x0000000086800000, 0x0000000086800000, 0x0000000086900000|  0%| F|  |TAMS 0x0000000086800000, 0x0000000086800000| Untracked 
|  93|0x0000000086900000, 0x0000000086900000, 0x0000000086a00000|  0%| F|  |TAMS 0x0000000086900000, 0x0000000086900000| Untracked 
|  94|0x0000000086a00000, 0x0000000086a00000, 0x0000000086b00000|  0%| F|  |TAMS 0x0000000086a00000, 0x0000000086a00000| Untracked 
|  95|0x0000000086b00000, 0x0000000086b00000, 0x0000000086c00000|  0%| F|  |TAMS 0x0000000086b00000, 0x0000000086b00000| Untracked 
|  96|0x0000000086c00000, 0x0000000086c00000, 0x0000000086d00000|  0%| F|  |TAMS 0x0000000086c00000, 0x0000000086c00000| Untracked 
|  97|0x0000000086d00000, 0x0000000086d00000, 0x0000000086e00000|  0%| F|  |TAMS 0x0000000086d00000, 0x0000000086d00000| Untracked 
|  98|0x0000000086e00000, 0x0000000086e00000, 0x0000000086f00000|  0%| F|  |TAMS 0x0000000086e00000, 0x0000000086e00000| Untracked 
|  99|0x0000000086f00000, 0x0000000086f00000, 0x0000000087000000|  0%| F|  |TAMS 0x0000000086f00000, 0x0000000086f00000| Untracked 
| 100|0x0000000087000000, 0x0000000087000000, 0x0000000087100000|  0%| F|  |TAMS 0x0000000087000000, 0x0000000087000000| Untracked 
| 101|0x0000000087100000, 0x0000000087100000, 0x0000000087200000|  0%| F|  |TAMS 0x0000000087100000, 0x0000000087100000| Untracked 
| 102|0x0000000087200000, 0x0000000087200000, 0x0000000087300000|  0%| F|  |TAMS 0x0000000087200000, 0x0000000087200000| Untracked 
| 103|0x0000000087300000, 0x0000000087300000, 0x0000000087400000|  0%| F|  |TAMS 0x0000000087300000, 0x0000000087300000| Untracked 
| 104|0x0000000087400000, 0x0000000087400000, 0x0000000087500000|  0%| F|  |TAMS 0x0000000087400000, 0x0000000087400000| Untracked 
| 105|0x0000000087500000, 0x0000000087500000, 0x0000000087600000|  0%| F|  |TAMS 0x0000000087500000, 0x0000000087500000| Untracked 
| 106|0x0000000087600000, 0x0000000087600000, 0x0000000087700000|  0%| F|  |TAMS 0x0000000087600000, 0x0000000087600000| Untracked 
| 107|0x0000000087700000, 0x0000000087700000, 0x0000000087800000|  0%| F|  |TAMS 0x0000000087700000, 0x0000000087700000| Untracked 
| 108|0x0000000087800000, 0x0000000087899600, 0x0000000087900000| 59%| S|  |TAMS 0x0000000087800000, 0x0000000087800000| Complete 
| 109|0x0000000087900000, 0x00000000879fcf20, 0x0000000087a00000| 98%| E|CS|TAMS 0x0000000087900000, 0x0000000087900000| Complete 
| 110|0x0000000087a00000, 0x0000000087b00000, 0x0000000087b00000|100%| E|CS|TAMS 0x0000000087a00000, 0x0000000087a00000| Complete 
| 111|0x0000000087b00000, 0x0000000087c00000, 0x0000000087c00000|100%| E|CS|TAMS 0x0000000087b00000, 0x0000000087b00000| Complete 
| 112|0x0000000087c00000, 0x0000000087d00000, 0x0000000087d00000|100%| E|CS|TAMS 0x0000000087c00000, 0x0000000087c00000| Complete 
| 113|0x0000000087d00000, 0x0000000087e00000, 0x0000000087e00000|100%| E|CS|TAMS 0x0000000087d00000, 0x0000000087d00000| Complete 
| 114|0x0000000087e00000, 0x0000000087f00000, 0x0000000087f00000|100%| E|CS|TAMS 0x0000000087e00000, 0x0000000087e00000| Complete 
| 115|0x0000000087f00000, 0x0000000088000000, 0x0000000088000000|100%| E|CS|TAMS 0x0000000087f00000, 0x0000000087f00000| Complete 
| 116|0x0000000088000000, 0x0000000088100000, 0x0000000088100000|100%| E|CS|TAMS 0x0000000088000000, 0x0000000088000000| Complete 
| 117|0x0000000088100000, 0x0000000088200000, 0x0000000088200000|100%| E|CS|TAMS 0x0000000088100000, 0x0000000088100000| Complete 
| 118|0x0000000088200000, 0x0000000088300000, 0x0000000088300000|100%| E|CS|TAMS 0x0000000088200000, 0x0000000088200000| Complete 
| 119|0x0000000088300000, 0x0000000088400000, 0x0000000088400000|100%| E|CS|TAMS 0x0000000088300000, 0x0000000088300000| Complete 
| 120|0x0000000088400000, 0x0000000088500000, 0x0000000088500000|100%| E|CS|TAMS 0x0000000088400000, 0x0000000088400000| Complete 
| 121|0x0000000088500000, 0x0000000088600000, 0x0000000088600000|100%| E|CS|TAMS 0x0000000088500000, 0x0000000088500000| Complete 
| 122|0x0000000088600000, 0x0000000088700000, 0x0000000088700000|100%| E|CS|TAMS 0x0000000088600000, 0x0000000088600000| Complete 
| 123|0x0000000088700000, 0x0000000088800000, 0x0000000088800000|100%| E|CS|TAMS 0x0000000088700000, 0x0000000088700000| Complete 
| 124|0x0000000088800000, 0x0000000088900000, 0x0000000088900000|100%| E|CS|TAMS 0x0000000088800000, 0x0000000088800000| Complete 
| 125|0x0000000088900000, 0x0000000088a00000, 0x0000000088a00000|100%| E|CS|TAMS 0x0000000088900000, 0x0000000088900000| Complete 
| 126|0x0000000088a00000, 0x0000000088b00000, 0x0000000088b00000|100%| E|CS|TAMS 0x0000000088a00000, 0x0000000088a00000| Complete 
| 127|0x0000000088b00000, 0x0000000088c00000, 0x0000000088c00000|100%| E|CS|TAMS 0x0000000088b00000, 0x0000000088b00000| Complete 

Card table byte_map: [0x000001c061ff0000,0x000001c0623f0000] _byte_map_base: 0x000001c061bea000

Marking Bits (Prev, Next): (CMBitMap*) 0x000001c0489f3768, (CMBitMap*) 0x000001c0489f37a8
 Prev Bits: [0x000001c0627f0000, 0x000001c0647c0000)
 Next Bits: [0x000001c0647c0000, 0x000001c066790000)

Polling page: 0x000001c048a70000

Metaspace:

Usage:
  Non-class:      6.35 MB capacity,     6.02 MB ( 95%) used,   302.69 KB (  5%) free+waste,    29.81 KB ( <1%) overhead. 
      Class:      1.01 MB capacity,   886.63 KB ( 86%) used,   126.80 KB ( 12%) free+waste,    16.56 KB (  2%) overhead. 
       Both:      7.35 MB capacity,     6.89 MB ( 94%) used,   429.49 KB (  6%) free+waste,    46.38 KB ( <1%) overhead. 

Virtual space:
  Non-class space:        8.00 MB reserved,       6.50 MB ( 81%) committed 
      Class space:        1.00 GB reserved,       1.13 MB ( <1%) committed 
             Both:        1.01 GB reserved,       7.63 MB ( <1%) committed 

Chunk freelists:
   Non-Class:  3.75 KB
       Class:  0 bytes
        Both:  3.75 KB

CodeHeap 'non-profiled nmethods': size=238912Kb used=2152Kb max_used=2152Kb free=236759Kb
 bounds [0x000001c052c70000, 0x000001c052ee0000, 0x000001c0615c0000]
CodeHeap 'non-nmethods': size=6848Kb used=1139Kb max_used=1139Kb free=5708Kb
 bounds [0x000001c0525c0000, 0x000001c052830000, 0x000001c052c70000]
 total_blobs=1850 nmethods=1389 adapters=371
 compilation: enabled
              stopped_count=0, restarted_count=0
 full_count=0

Compilation events (10 events):
Event: 1.134 Thread 0x000001c069752000 1385       1       java.util.jar.Attributes$Name::of (28 bytes)
Event: 1.134 Thread 0x000001c069752000 nmethod 1385 0x000001c052e87b90 code [0x000001c052e87d80, 0x000001c052e880a0]
Event: 1.134 Thread 0x000001c069752000 1386       1       java.util.jar.Attributes::put (18 bytes)
Event: 1.134 Thread 0x000001c069752000 nmethod 1386 0x000001c052e88290 code [0x000001c052e88460, 0x000001c052e88650]
Event: 1.137 Thread 0x000001c069752000 1387       1       java.util.jar.Attributes$Name::hash (148 bytes)
Event: 1.137 Thread 0x000001c069752000 nmethod 1387 0x000001c052e88710 code [0x000001c052e88920, 0x000001c052e88f10]
Event: 1.139 Thread 0x000001c069752000 1388       1       java.util.jar.JarFile::getManifest (5 bytes)
Event: 1.140 Thread 0x000001c069752000 nmethod 1388 0x000001c052e89290 code [0x000001c052e89440, 0x000001c052e89590]
Event: 1.140 Thread 0x000001c069752000 1389       1       java.util.jar.JarFile::getManifestFromReference (125 bytes)
Event: 1.140 Thread 0x000001c069752000 nmethod 1389 0x000001c052e89610 code [0x000001c052e89840, 0x000001c052e89fd0]

GC Heap History (5 events):
Event: 0.637 GC heap before
{Heap before GC invocations=0 (full 0):
 garbage-first heap   total 131072K, used 14336K [0x0000000080c00000, 0x0000000100000000)
  region size 1024K, 14 young (14336K), 0 survivors (0K)
 Metaspace       used 474K, capacity 4518K, committed 4864K, reserved 1056768K
  class space    used 42K, capacity 399K, committed 512K, reserved 1048576K
}
Event: 0.642 GC heap after
{Heap after GC invocations=1 (full 0):
 garbage-first heap   total 131072K, used 12640K [0x0000000080c00000, 0x0000000100000000)
  region size 1024K, 2 young (2048K), 2 survivors (2048K)
 Metaspace       used 474K, capacity 4518K, committed 4864K, reserved 1056768K
  class space    used 42K, capacity 399K, committed 512K, reserved 1048576K
}
Event: 0.929 GC heap before
{Heap before GC invocations=1 (full 0):
 garbage-first heap   total 131072K, used 19808K [0x0000000080c00000, 0x0000000100000000)
  region size 1024K, 10 young (10240K), 2 survivors (2048K)
 Metaspace       used 4285K, capacity 4981K, committed 5248K, reserved 1056768K
  class space    used 531K, capacity 604K, committed 640K, reserved 1048576K
}
Event: 0.934 GC heap after
{Heap after GC invocations=2 (full 0):
 garbage-first heap   total 131072K, used 17001K [0x0000000080c00000, 0x0000000100000000)
  region size 1024K, 2 young (2048K), 2 survivors (2048K)
 Metaspace       used 4285K, capacity 4981K, committed 5248K, reserved 1056768K
  class space    used 531K, capacity 604K, committed 640K, reserved 1048576K
}
Event: 1.143 GC heap before
{Heap before GC invocations=2 (full 0):
 garbage-first heap   total 131072K, used 33385K [0x0000000080c00000, 0x0000000100000000)
  region size 1024K, 19 young (19456K), 2 survivors (2048K)
 Metaspace       used 7052K, capacity 7528K, committed 7808K, reserved 1056768K
  class space    used 886K, capacity 1030K, committed 1152K, reserved 1048576K
}

Deoptimization events (0 events):
No events

Classes redefined (0 events):
No events

Internal exceptions (10 events):
Event: 0.998 Thread 0x000001c06a27c000 Exception <a 'java/lang/ClassNotFoundException'{0x00000000886590c0}: org/springframework/context/support/LiveBeansView> (0x00000000886590c0) thrown at [t:/workspace/open/src/hotspot/share/classfile/systemDictionary.cpp, line 235]
Event: 0.998 Thread 0x000001c06a27c000 Exception <a 'java/lang/ClassNotFoundException'{0x0000000088659478}: org/springframework/context/support/LiveBeansView> (0x0000000088659478) thrown at [t:/workspace/open/src/hotspot/share/classfile/systemDictionary.cpp, line 235]
Event: 0.998 Thread 0x000001c06a27c000 Exception <a 'java/lang/ClassNotFoundException'{0x0000000088659840}: org/springframework/context/support/LiveBeansView> (0x0000000088659840) thrown at [t:/workspace/open/src/hotspot/share/classfile/systemDictionary.cpp, line 235]
Event: 0.998 Thread 0x000001c06a27c000 Exception <a 'java/lang/ClassNotFoundException'{0x0000000088659bf0}: org/springframework/context/support/LiveBeansView> (0x0000000088659bf0) thrown at [t:/workspace/open/src/hotspot/share/classfile/systemDictionary.cpp, line 235]
Event: 0.998 Thread 0x000001c06a27c000 Exception <a 'java/lang/ClassNotFoundException'{0x0000000088659fa0}: org/springframework/context/support/LiveBeansView> (0x0000000088659fa0) thrown at [t:/workspace/open/src/hotspot/share/classfile/systemDictionary.cpp, line 235]
Event: 0.998 Thread 0x000001c06a675000 Exception <a 'java/lang/reflect/InvocationTargetException'{0x00000000887f0a98}> (0x00000000887f0a98) thrown at [t:/workspace/open/src/hotspot/share/runtime/reflection.cpp, line 1183]
Event: 1.000 Thread 0x000001c06a27c000 Exception <a 'java/lang/reflect/InvocationTargetException'{0x000000008865da38}> (0x000000008865da38) thrown at [t:/workspace/open/src/hotspot/share/runtime/reflection.cpp, line 1183]
Event: 1.004 Thread 0x000001c06a27c000 Exception <a 'java/lang/NoSuchMethodError'{0x0000000088660e00}: <clinit>> (0x0000000088660e00) thrown at [t:/workspace/open/src/hotspot/share/prims/jni.cpp, line 1362]
Event: 1.004 Thread 0x000001c06a675000 Exception <a 'java/lang/NoSuchMethodError'{0x00000000886e5450}: <clinit>> (0x00000000886e5450) thrown at [t:/workspace/open/src/hotspot/share/prims/jni.cpp, line 1362]
Event: 1.059 Thread 0x000001c0489b2800 Exception <a 'java/lang/NoSuchMethodError'{0x00000000881eb970}: java.lang.invoke.DirectMethodHandle$Holder.invokeStaticInit(Ljava/lang/Object;Ljava/lang/Object;)I> (0x00000000881eb970) thrown at [t:/workspace/open/src/hotspot/share/interpreter/linkResolve

Events (10 events):
Event: 1.106 loading class java/util/stream/Node$Builder
Event: 1.106 loading class java/util/stream/Node$Builder done
Event: 1.106 loading class java/util/stream/Nodes$ArrayNode
Event: 1.106 loading class java/util/stream/Nodes$ArrayNode done
Event: 1.106 loading class java/util/stream/Nodes$FixedNodeBuilder done
Event: 1.131 loading class java/util/jar/JarVerifier
Event: 1.131 loading class java/util/jar/JarVerifier done
Event: 1.131 loading class java/security/CodeSigner
Event: 1.131 loading class java/security/CodeSigner done
Event: 1.143 Executing VM operation: G1CollectForAllocation


Dynamic libraries:
0x00007ff6a4b30000 - 0x00007ff6a4b3f000 	C:\Program Files\Java\jdk-12.0.1\bin\javaw.exe
0x00007ffe570c0000 - 0x00007ffe572b0000 	C:\WINDOWS\SYSTEM32\ntdll.dll
0x00007ffe463c0000 - 0x00007ffe463d4000 	C:\Program Files\AVAST Software\Avast\aswhook.dll
0x00007ffe552b0000 - 0x00007ffe55362000 	C:\WINDOWS\System32\KERNEL32.DLL
0x00007ffe54ec0000 - 0x00007ffe55163000 	C:\WINDOWS\System32\KERNELBASE.dll
0x00007ffe540d0000 - 0x00007ffe541ca000 	C:\WINDOWS\System32\ucrtbase.dll
0x00007ffe33ee0000 - 0x00007ffe33ef8000 	C:\Program Files\Java\jdk-12.0.1\bin\jli.dll
0x00007ffe55200000 - 0x00007ffe552a3000 	C:\WINDOWS\System32\ADVAPI32.dll
0x00007ffe56b80000 - 0x00007ffe56c1e000 	C:\WINDOWS\System32\msvcrt.dll
0x00007ffe55b40000 - 0x00007ffe55bd7000 	C:\WINDOWS\System32\sechost.dll
0x00007ffe56a60000 - 0x00007ffe56b80000 	C:\WINDOWS\System32\RPCRT4.dll
0x00007ffe562f0000 - 0x00007ffe56484000 	C:\WINDOWS\System32\USER32.dll
0x00007ffe54320000 - 0x00007ffe54341000 	C:\WINDOWS\System32\win32u.dll
0x00007ffe551d0000 - 0x00007ffe551f6000 	C:\WINDOWS\System32\GDI32.dll
0x00007ffe54cf0000 - 0x00007ffe54e84000 	C:\WINDOWS\System32\gdi32full.dll
0x00007ffe543a0000 - 0x00007ffe5443e000 	C:\WINDOWS\System32\msvcp_win.dll
0x00007ffe2f280000 - 0x00007ffe2f296000 	C:\Program Files\Java\jdk-12.0.1\bin\VCRUNTIME140.dll
0x00007ffe46450000 - 0x00007ffe466d5000 	C:\WINDOWS\WinSxS\amd64_microsoft.windows.common-controls_6595b64144ccf1df_6.0.18362.418_none_e6c6b287130d565d\COMCTL32.dll
0x00007ffe55be0000 - 0x00007ffe55f16000 	C:\WINDOWS\System32\combase.dll
0x00007ffe54050000 - 0x00007ffe540d0000 	C:\WINDOWS\System32\bcryptPrimitives.dll
0x00007ffe4db10000 - 0x00007ffe4db1a000 	C:\WINDOWS\SYSTEM32\VERSION.dll
0x00007ffe56970000 - 0x00007ffe5699e000 	C:\WINDOWS\System32\IMM32.DLL
0x00007ffe1bc10000 - 0x00007ffe1bcba000 	C:\Program Files\Java\jdk-12.0.1\bin\msvcp140.dll
0x00007ffdeb8a0000 - 0x00007ffdec414000 	C:\Program Files\Java\jdk-12.0.1\bin\server\jvm.dll
0x00007ffe55390000 - 0x00007ffe55398000 	C:\WINDOWS\System32\PSAPI.DLL
0x00007ffe4c840000 - 0x00007ffe4c849000 	C:\WINDOWS\SYSTEM32\WSOCK32.dll
0x00007ffe57010000 - 0x00007ffe5707f000 	C:\WINDOWS\System32\WS2_32.dll
0x00007ffe46a50000 - 0x00007ffe46a74000 	C:\WINDOWS\SYSTEM32\WINMM.dll
0x00007ffe45d00000 - 0x00007ffe45d2d000 	C:\WINDOWS\SYSTEM32\WINMMBASE.dll
0x00007ffe54350000 - 0x00007ffe5439a000 	C:\WINDOWS\System32\cfgmgr32.dll
0x00007ffe54010000 - 0x00007ffe54021000 	C:\WINDOWS\System32\kernel.appcore.dll
0x00007ffe2f260000 - 0x00007ffe2f271000 	C:\Program Files\Java\jdk-12.0.1\bin\verify.dll
0x00007ffe4d710000 - 0x00007ffe4d904000 	C:\WINDOWS\SYSTEM32\DBGHELP.DLL
0x00007ffe4d640000 - 0x00007ffe4d66a000 	C:\WINDOWS\SYSTEM32\dbgcore.DLL
0x00007ffe26e20000 - 0x00007ffe26e46000 	C:\Program Files\Java\jdk-12.0.1\bin\java.dll
0x00007ffe27650000 - 0x00007ffe27667000 	C:\Program Files\Java\jdk-12.0.1\bin\zip.dll
0x00007ffe4b9e0000 - 0x00007ffe4b9ea000 	C:\Program Files\Java\jdk-12.0.1\bin\jimage.dll
0x00007ffe553a0000 - 0x00007ffe55a85000 	C:\WINDOWS\System32\SHELL32.dll
0x00007ffe55a90000 - 0x00007ffe55b39000 	C:\WINDOWS\System32\shcore.dll
0x00007ffe54550000 - 0x00007ffe54ccf000 	C:\WINDOWS\System32\windows.storage.dll
0x00007ffe54030000 - 0x00007ffe5404f000 	C:\WINDOWS\System32\profapi.dll
0x00007ffe53fc0000 - 0x00007ffe5400a000 	C:\WINDOWS\System32\powrprof.dll
0x00007ffe53f90000 - 0x00007ffe53fa0000 	C:\WINDOWS\System32\UMPDC.dll
0x00007ffe55170000 - 0x00007ffe551c2000 	C:\WINDOWS\System32\shlwapi.dll
0x00007ffe54cd0000 - 0x00007ffe54ce7000 	C:\WINDOWS\System32\cryptsp.dll
0x00007ffe27590000 - 0x00007ffe275a9000 	C:\Program Files\Java\jdk-12.0.1\bin\net.dll
0x00007ffe50320000 - 0x00007ffe50410000 	C:\WINDOWS\SYSTEM32\WINHTTP.dll
0x00007ffe4ccb0000 - 0x00007ffe4ce86000 	C:\WINDOWS\SYSTEM32\urlmon.dll
0x00007ffe48660000 - 0x00007ffe48906000 	C:\WINDOWS\SYSTEM32\iertutil.dll
0x00007ffe53970000 - 0x00007ffe5397c000 	C:\WINDOWS\SYSTEM32\CRYPTBASE.DLL
0x00007ffe537a0000 - 0x00007ffe53807000 	C:\WINDOWS\system32\mswsock.dll
0x00007ffe26f40000 - 0x00007ffe26f53000 	C:\Program Files\Java\jdk-12.0.1\bin\nio.dll
0x00007ffe49010000 - 0x00007ffe49019000 	C:\Program Files\Java\jdk-12.0.1\bin\management.dll
0x00007ffe48e80000 - 0x00007ffe48e8c000 	C:\Program Files\Java\jdk-12.0.1\bin\management_ext.dll
0x00007ffe2faa0000 - 0x00007ffe2fab6000 	C:\WINDOWS\system32\napinsp.dll
0x00007ffe2fa80000 - 0x00007ffe2fa9a000 	C:\WINDOWS\system32\pnrpnsp.dll
0x00007ffe534f0000 - 0x00007ffe535ba000 	C:\WINDOWS\SYSTEM32\DNSAPI.dll
0x00007ffe56a50000 - 0x00007ffe56a58000 	C:\WINDOWS\System32\NSI.dll
0x00007ffe534b0000 - 0x00007ffe534ea000 	C:\WINDOWS\SYSTEM32\IPHLPAPI.DLL
0x00007ffe2fa70000 - 0x00007ffe2fa7e000 	C:\WINDOWS\System32\winrnr.dll
0x00007ffe50b80000 - 0x00007ffe50b9c000 	C:\WINDOWS\system32\NLAapi.dll
0x00007ffe2ff10000 - 0x00007ffe2ff25000 	C:\WINDOWS\system32\wshbth.dll
0x00007ffe4eb80000 - 0x00007ffe4eb8a000 	C:\Windows\System32\rasadhlp.dll
0x00007ffe4f680000 - 0x00007ffe4f6f7000 	C:\WINDOWS\System32\fwpuclnt.dll
0x00007ffe54e90000 - 0x00007ffe54eb6000 	C:\WINDOWS\System32\bcrypt.dll
0x00007ffe53310000 - 0x00007ffe53343000 	C:\WINDOWS\system32\rsaenh.dll
0x00007ffe53eb0000 - 0x00007ffe53ed5000 	C:\WINDOWS\SYSTEM32\USERENV.dll
0x00007ffe4f890000 - 0x00007ffe4f8a6000 	C:\WINDOWS\SYSTEM32\dhcpcsvc6.DLL
0x00007ffe4f870000 - 0x00007ffe4f88c000 	C:\WINDOWS\SYSTEM32\dhcpcsvc.DLL

dbghelp: loaded successfully - version: 4.0.5 - missing functions: none
symbol engine: initialized successfully - sym options: 0x614 - pdb path: .;C:\Program Files\Java\jdk-12.0.1\bin;C:\WINDOWS\SYSTEM32;C:\Program Files\AVAST Software\Avast;C:\WINDOWS\WinSxS\amd64_microsoft.windows.common-controls_6595b64144ccf1df_6.0.18362.418_none_e6c6b287130d565d;C:\Program Files\Java\jdk-12.0.1\bin\server

VM Arguments:
jvm_args: -Dcom.sun.management.jmxremote -Dcom.sun.management.jmxremote.port=52255 -Dcom.sun.management.jmxremote.authenticate=false -Dcom.sun.management.jmxremote.ssl=false -Djava.rmi.server.hostname=localhost -Dspring.jmx.enabled=true -Dspring.application.admin.enabled=true -Xverify:none -XX:TieredStopAtLevel=1 -Dspring.boot.project.name=spring-boot-ionic-backend -Dfile.encoding=UTF-8 
java_command: com.polizello.server.CursomcApplication --spring.output.ansi.enabled=always
java_class_path (initial): D:\Estudo\Fontes\spring-boot-ionic-backend\target\classes;C:\Users\Gabriel\.m2\repository\org\springframework\boot\spring-boot-starter-web\2.1.7.RELEASE\spring-boot-starter-web-2.1.7.RELEASE.jar;C:\Users\Gabriel\.m2\repository\org\springframework\boot\spring-boot-starter\2.1.7.RELEASE\spring-boot-starter-2.1.7.RELEASE.jar;C:\Users\Gabriel\.m2\repository\org\springframework\boot\spring-boot-starter-logging\2.1.7.RELEASE\spring-boot-starter-logging-2.1.7.RELEASE.jar;C:\Users\Gabriel\.m2\repository\ch\qos\logback\logback-classic\1.2.3\logback-classic-1.2.3.jar;C:\Users\Gabriel\.m2\repository\ch\qos\logback\logback-core\1.2.3\logback-core-1.2.3.jar;C:\Users\Gabriel\.m2\repository\org\apache\logging\log4j\log4j-to-slf4j\2.11.2\log4j-to-slf4j-2.11.2.jar;C:\Users\Gabriel\.m2\repository\org\apache\logging\log4j\log4j-api\2.11.2\log4j-api-2.11.2.jar;C:\Users\Gabriel\.m2\repository\org\slf4j\jul-to-slf4j\1.7.26\jul-to-slf4j-1.7.26.jar;C:\Users\Gabriel\.m2\repository\javax\annotation\javax.annotation-api\1.3.2\javax.annotation-api-1.3.2.jar;C:\Users\Gabriel\.m2\repository\org\yaml\snakeyaml\1.23\snakeyaml-1.23.jar;C:\Users\Gabriel\.m2\repository\org\springframework\boot\spring-boot-starter-json\2.1.7.RELEASE\spring-boot-starter-json-2.1.7.RELEASE.jar;C:\Users\Gabriel\.m2\repository\com\fasterxml\jackson\datatype\jackson-datatype-jdk8\2.9.9\jackson-datatype-jdk8-2.9.9.jar;C:\Users\Gabriel\.m2\repository\com\fasterxml\jackson\datatype\jackson-datatype-jsr310\2.9.9\jackson-datatype-jsr310-2.9.9.jar;C:\Users\Gabriel\.m2\repository\com\fasterxml\jackson\module\jackson-module-parameter-names\2.9.9\jackson-module-parameter-names-2.9.9.jar;C:\Users\Gabriel\.m2\repository\org\springframework\boot\spring-boot-starter-tomcat\2.1.7.RELEASE\spring-boot-starter-tomcat-2.1.7.RELEASE.jar;C:\Users\Gabriel\.m2\repository\org\apache\tomcat\embed\tomcat-embed-core\9.0.22\tomcat-embed-core-9.0.22.jar;C:\Users\Gabriel\.m2\repository\org\apache\tomcat\embed\tomcat-embed-
Launcher Type: SUN_STANDARD

[Global flags]
     bool BytecodeVerificationLocal                = false                                     {product} {command line}
     bool BytecodeVerificationRemote               = false                                     {product} {command line}
     intx CICompilerCount                          = 3                                         {product} {ergonomic}
     uint ConcGCThreads                            = 1                                         {product} {ergonomic}
     uint G1ConcRefinementThreads                  = 4                                         {product} {ergonomic}
   size_t G1HeapRegionSize                         = 1048576                                   {product} {ergonomic}
    uintx GCDrainStackTargetSize                   = 64                                        {product} {ergonomic}
   size_t InitialHeapSize                          = 134217728                                 {product} {ergonomic}
     bool ManagementServer                         = true                                      {product} {command line}
   size_t MarkStackSize                            = 4194304                                   {product} {ergonomic}
   size_t MaxHeapSize                              = 2134900736                                {product} {ergonomic}
   size_t MaxNewSize                               = 1280311296                                {product} {ergonomic}
   size_t MinHeapDeltaBytes                        = 1048576                                   {product} {ergonomic}
    uintx NonNMethodCodeHeapSize                   = 6973028                                {pd product} {ergonomic}
    uintx NonProfiledCodeHeapSize                  = 244685212                              {pd product} {ergonomic}
    uintx ProfiledCodeHeapSize                     = 0                                      {pd product} {ergonomic}
    uintx ReservedCodeCacheSize                    = 251658240                              {pd product} {ergonomic}
     bool SegmentedCodeCache                       = true                                      {product} {ergonomic}
     intx TieredStopAtLevel                        = 1                                         {product} {command line}
     bool UseCompressedClassPointers               = true                                 {lp64_product} {ergonomic}
     bool UseCompressedOops                        = true                                 {lp64_product} {ergonomic}
     bool UseG1GC                                  = true                                      {product} {ergonomic}
     bool UseLargePagesIndividualAllocation        = false                                  {pd product} {ergonomic}

Logging:
Log output configuration:
 #0: stdout all=warning uptime,level,tags
 #1: stderr all=off uptime,level,tags

Environment Variables:
JAVA_HOME=C:\Program Files\Java\jdk-12.0.1
PATH=C:\WINDOWS\system32;C:\WINDOWS;C:\WINDOWS\System32\Wbem;C:\WINDOWS\System32\WindowsPowerShell\v1.0\;C:\WINDOWS\System32\OpenSSH\;C:\Program Files\Git\cmd;C:\Users\Gabriel\AppData\Local\Microsoft\WindowsApps;C:\Program Files\heroku\bin
USERNAME=Gabriel
OS=Windows_NT
PROCESSOR_IDENTIFIER=Intel64 Family 6 Model 60 Stepping 3, GenuineIntel



---------------  S Y S T E M  ---------------

OS: Windows 10 , 64 bit Build 18362 (10.0.18362.329)

CPU:total 4 (initial active 4) (2 cores per cpu, 2 threads per core) family 6 model 60 stepping 3, cmov, cx8, fxsr, mmx, sse, sse2, sse3, ssse3, sse4.1, sse4.2, popcnt, avx, avx2, aes, clmul, erms, lzcnt, ht, tsc, tscinvbit, bmi1, bmi2, fma

Memory: 4k page, system-wide physical 8140M (2008M free)
TotalPageFile size 20428M (AvailPageFile size 10405M)
current process WorkingSet (physical memory assigned to process): 85M, peak: 85M
current process commit charge ("private bytes"): 217M, peak: 217M

vm_info: Java HotSpot(TM) 64-Bit Server VM (12.0.1+12) for windows-amd64 JRE (12.0.1+12), built on Apr  2 2019 14:02:19 by "mach5one" with MS VC++ 15.5 (VS2017)

END.
